2012-11-30 18:45:25 ircbot:46   INFO     We're in(ited)!
2012-11-30 18:45:25 ircbot:107  INFO     connected to irc.freenode.net:6667
2012-11-30 18:45:25 ircbot:74   INFO     lalita.plugins.seen.Seen instanced for server
2012-11-30 18:45:25 ircbot:74   INFO     lalita.plugins.misc.Ping instanced for server
2012-11-30 18:45:25 ircbot:66   ERROR    lalita.plugins.url.Url not instanced: No module named BeautifulSoup
2012-11-30 18:45:25 ircbot:74   INFO     lalita.plugins.freenode.Register instanced for server
2012-11-30 18:45:40 ircbot:116  INFO     disconnected from irc.freenode.net:6667
2012-11-30 18:47:33 ircbot:46   INFO     We're in(ited)!
2012-11-30 18:47:33 ircbot:107  INFO     connected to irc.freenode.net:6667
2012-11-30 18:47:33 ircbot:74   INFO     lalita.plugins.seen.Seen instanced for server
2012-11-30 18:47:33 ircbot:74   INFO     lalita.plugins.misc.Ping instanced for server
2012-11-30 18:47:33 ircbot:66   ERROR    lalita.plugins.url.Url not instanced: No module named BeautifulSoup
2012-11-30 18:47:33 ircbot:74   INFO     lalita.plugins.freenode.Register instanced for server
2012-11-30 18:47:40 ircbot:116  INFO     disconnected from irc.freenode.net:6667
2012-11-30 18:48:02 ircbot:46   INFO     We're in(ited)!
2012-11-30 18:48:02 ircbot:107  INFO     connected to irc.freenode.net:6667
2012-11-30 18:48:02 ircbot:74   INFO     lalita.plugins.seen.Seen instanced for server
2012-11-30 18:48:02 ircbot:74   INFO     lalita.plugins.misc.Ping instanced for server
2012-11-30 18:48:02 ircbot:66   ERROR    lalita.plugins.url.Url not instanced: No module named BeautifulSoup
2012-11-30 18:48:02 ircbot:74   INFO     lalita.plugins.freenode.Register instanced for server
2012-11-30 18:48:06 ircbot:116  INFO     disconnected from irc.freenode.net:6667
2012-11-30 18:49:07 ircbot:46   INFO     We're in(ited)!
2012-11-30 18:49:07 ircbot:107  INFO     connected to irc.freenode.net:6667
2012-11-30 18:49:18 ircbot:116  INFO     disconnected from irc.freenode.net:6667
2012-11-30 18:50:45 ircbot:46   INFO     We're in(ited)!
2012-11-30 18:50:45 ircbot:107  INFO     connected to irc.freenode.net:6667
2012-11-30 18:50:53 ircbot:116  INFO     disconnected from irc.freenode.net:6667
2012-11-30 18:51:08 ircbot:46   INFO     We're in(ited)!
2012-11-30 18:51:08 ircbot:107  INFO     connected to irc.freenode.net:6667
2012-11-30 18:51:18 ircbot:116  INFO     disconnected from irc.freenode.net:6667
2012-11-30 18:51:55 ircbot:46   INFO     We're in(ited)!
2012-11-30 18:51:55 ircbot:107  INFO     connected to irc.freenode.net:6667
2012-11-30 18:51:59 ircbot:116  INFO     disconnected from irc.freenode.net:6667
2012-11-30 18:55:11 ircbot:46   INFO     We're in(ited)!
2012-11-30 18:55:11 ircbot:107  INFO     connected to irc.freenode.net:6667
2012-11-30 18:55:24 ircbot:134  INFO     joined to #alalitatest
2012-11-30 18:55:24 ircbot:74   INFO     lalita.plugins.seen.Seen instanced for #alalitatest
2012-11-30 18:55:24 ircbot:74   INFO     lalita.plugins.misc.Ping instanced for #alalitatest
2012-11-30 18:55:24 ircbot:66   ERROR    lalita.plugins.url.Url not instanced: No module named BeautifulSoup
2012-11-30 18:58:03 ircbot:116  INFO     disconnected from irc.freenode.net:6667
2012-11-30 18:58:04 ircbot:46   INFO     We're in(ited)!
2012-11-30 18:58:04 ircbot:107  INFO     connected to irc.freenode.net:6667
2012-11-30 18:58:17 ircbot:134  INFO     joined to #alalitatest
2012-11-30 18:58:17 ircbot:74   INFO     lalita.plugins.seen.Seen instanced for #alalitatest
2012-11-30 18:58:17 ircbot:74   INFO     lalita.plugins.misc.Ping instanced for #alalitatest
2012-11-30 18:58:17 ircbot:66   ERROR    lalita.plugins.url.Url not instanced: failed to find libmagic.  Check your installation
2012-11-30 19:04:29 ircbot:116  INFO     disconnected from irc.freenode.net:6667
2012-11-30 19:04:36 ircbot:258  WARNING  Manhole not available: No module named Crypto.Cipher
2012-11-30 19:04:36 ircbot:46   INFO     We're in(ited)!
2012-11-30 19:04:36 ircbot:107  INFO     connected to irc.freenode.net:6667
2012-11-30 19:04:50 ircbot:134  INFO     joined to #alalitatest
2012-11-30 19:04:50 ircbot:74   INFO     lalita.plugins.seen.Seen instanced for #alalitatest
2012-11-30 19:04:50 ircbot:74   INFO     lalita.plugins.misc.Ping instanced for #alalitatest
2012-11-30 19:04:50 ircbot:66   ERROR    lalita.plugins.url.Url not instanced: failed to find libmagic.  Check your installation
2012-11-30 19:06:28 ircbot:116  INFO     disconnected from irc.freenode.net:6667
2012-11-30 19:06:29 ircbot:258  WARNING  Manhole not available: No module named pyasn1.type
2012-11-30 19:06:30 ircbot:46   INFO     We're in(ited)!
2012-11-30 19:06:30 ircbot:107  INFO     connected to irc.freenode.net:6667
2012-11-30 19:06:46 ircbot:134  INFO     joined to #alalitatest
2012-11-30 19:06:46 ircbot:74   INFO     lalita.plugins.seen.Seen instanced for #alalitatest
2012-11-30 19:06:46 ircbot:74   INFO     lalita.plugins.misc.Ping instanced for #alalitatest
2012-11-30 19:06:46 ircbot:66   ERROR    lalita.plugins.url.Url not instanced: failed to find libmagic.  Check your installation
2012-11-30 19:06:54 ircbot:116  INFO     disconnected from irc.freenode.net:6667
2012-11-30 19:08:57 ircbot:46   INFO     We're in(ited)!
2012-11-30 19:08:57 ircbot:107  INFO     connected to irc.freenode.net:6667
2012-11-30 19:09:12 ircbot:134  INFO     joined to #alalitatest
2012-11-30 19:09:12 ircbot:74   INFO     lalita.plugins.seen.Seen instanced for #alalitatest
2012-11-30 19:09:12 ircbot:74   INFO     lalita.plugins.misc.Ping instanced for #alalitatest
2012-11-30 19:09:12 ircbot:66   ERROR    lalita.plugins.url.Url not instanced: failed to find libmagic.  Check your installation
2012-11-30 19:19:06 ircbot:116  INFO     disconnected from irc.freenode.net:6667
2012-11-30 19:19:08 ircbot:46   INFO     We're in(ited)!
2012-11-30 19:19:08 ircbot:107  INFO     connected to irc.freenode.net:6667
2012-11-30 19:19:21 ircbot:134  INFO     joined to #alalitatest
2012-11-30 19:19:21 ircbot:74   INFO     lalita.plugins.seen.Seen instanced for #alalitatest
2012-11-30 19:19:21 ircbot:74   INFO     lalita.plugins.misc.Ping instanced for #alalitatest
2012-11-30 19:19:21 ircbot:66   ERROR    lalita.plugins.url.Url not instanced: failed to find libmagic.  Check your installation
2012-11-30 19:19:21 ircbot:74   INFO     lalita.plugins.empernator.Empernator instanced for #alalitatest
